<?xml version="1.0" encoding="UTF-8"?>
<testsuite name="Utest Academy" tests="1" skipped="0" failures="1" errors="0" timestamp="2021-10-26T03:38:21" hostname="LAPTOP-PF69ALFC" time="97.499">
  <properties/>
  <testcase name="Registration on the Utest page" classname="Utest Academy" time="97.499">
    <failure message="java.lang.AssertionError: &#10;Expected: an element that is visible&#10;     but: no matching element found by xpath: //*[@id=''laddaBtn']/span[1]" type="java.lang.AssertionError">java.lang.AssertionError: 
Expected: an element that is visible
     but: no matching element found by xpath: //*[@id=''laddaBtn']/span[1]
	at net.serenitybdd.screenplay.ErrorTally.throwSummaryExceptionFrom(ErrorTally.java:36)
	at net.serenitybdd.screenplay.ErrorTally.reportAnyErrors(ErrorTally.java:30)
	at net.serenitybdd.screenplay.Actor.should(Actor.java:301)
	at net.serenitybdd.screenplay.waits.WaitUntilBuilder$1.performAs(WaitUntilBuilder.java:29)
	at net.serenitybdd.screenplay.Actor.performTask(Actor.java:233)
	at net.serenitybdd.screenplay.Actor.perform(Actor.java:214)
	at net.serenitybdd.screenplay.Actor.performSilently(Actor.java:194)
	at net.serenitybdd.screenplay.Actor.attemptsTo(Actor.java:167)
	at co.com.choucair.certification.pruebatecnica.tasks.LastStep.performAs(LastStep.java:26)
	at co.com.choucair.certification.pruebatecnica.tasks.LastStep$ByteBuddy$4rsq0o55.performAs$accessor$GJMzf4ZH(Unknown Source)
	at java.base/jdk.internal.reflect.NativeMethodAccessorImpl.invoke0(Native Method)
	at java.base/jdk.internal.reflect.NativeMethodAccessorImpl.invoke(NativeMethodAccessorImpl.java:62)
	at java.base/jdk.internal.reflect.DelegatingMethodAccessorImpl.invoke(DelegatingMethodAccessorImpl.java:43)
	at java.base/java.lang.reflect.Method.invoke(Method.java:566)
	at net.thucydides.core.steps.StepInterceptor.invokeMethod(StepInterceptor.java:471)
	at net.thucydides.core.steps.StepInterceptor.executeTestStepMethod(StepInterceptor.java:451)
	at net.thucydides.core.steps.StepInterceptor.runTestStep(StepInterceptor.java:424)
	at net.thucydides.core.steps.StepInterceptor.runOrSkipMethod(StepInterceptor.java:180)
	at net.thucydides.core.steps.StepInterceptor.testStepResult(StepInterceptor.java:167)
	at net.thucydides.core.steps.StepInterceptor.intercept(StepInterceptor.java:75)
	at co.com.choucair.certification.pruebatecnica.tasks.LastStep$ByteBuddy$4rsq0o55.performAs(Unknown Source)
	at net.serenitybdd.screenplay.Actor.performTask(Actor.java:233)
	at net.serenitybdd.screenplay.Actor.perform(Actor.java:214)
	at net.serenitybdd.screenplay.Actor.attemptsTo(Actor.java:171)
	at net.serenitybdd.screenplay.Actor.wasAbleTo(Actor.java:158)
	at co.com.choucair.certification.pruebatecnica.stepdefinitions.ChoucairAcademyStepDefinitions.sheClicksOnTheJoinTodayOption(ChoucairAcademyStepDefinitions.java:30)
	at ✽.she clicks on the join today option(src/test/resources/features/academychoucair.feature:9)
</failure>
  </testcase>
  <system-out><![CDATA[]]></system-out>
  <system-err><![CDATA[[Test worker] WARN net.thucydides.core.steps.BaseStepListener - stepStarted: net.thucydides.core.steps.ExecutedStepDescription@36ea1ccb
[Test worker] WARN net.thucydides.core.steps.BaseStepListener - stepStarted: net.thucydides.core.steps.ExecutedStepDescription@68fc6ed2
[Test worker] WARN net.thucydides.core.steps.BaseStepListener - stepStarted: net.thucydides.core.steps.ExecutedStepDescription@410fa580
oct. 25, 2021 10:38:22 P. M. org.openqa.selenium.remote.DesiredCapabilities chrome
INFORMACIÓN: Using `new ChromeOptions()` is preferred to `DesiredCapabilities.chrome()`
[Test worker] INFO net.serenitybdd.core.webdriver.driverproviders.ProvideNewDriver - Instantiating driver
[Test worker] INFO net.serenitybdd.core.webdriver.driverproviders.ProvideNewDriver - Driver capabilities: Capabilities {acceptInsecureCerts: false, browserName: chrome, chrome.switches: --start-maximized, goog:chromeOptions: {args: [--start-maximized], extensions: []}, loggingPrefs: org.openqa.selenium.logging..., platform: ANY, version: }
Starting ChromeDriver 95.0.4638.17 (a9d0719444d4b035e284ed1fce73bf6ccd789df2-refs/branch-heads/4638@{#178}) on port 12451
Only local connections are allowed.
Please see https://chromedriver.chromium.org/security-considerations for suggestions on keeping ChromeDriver safe.
ChromeDriver was started successfully.
oct. 25, 2021 10:38:25 P. M. org.openqa.selenium.remote.ProtocolHandshake createSession
INFORMACIÓN: Detected dialect: W3C
[Test worker] WARN net.thucydides.core.steps.BaseStepListener - stepFinished: current outcome:Registration on the Utest page:Given than Zuly wants to sign up for Utest [Zuly open up [Zuly opens the Utest academy page]]
[Test worker] WARN net.thucydides.core.steps.BaseStepListener - stepFinished: current outcome:Registration on the Utest page:Given than Zuly wants to sign up for Utest [Zuly open up [Zuly opens the Utest academy page]]
[Test worker] WARN net.thucydides.core.steps.BaseStepListener - stepFinished: current outcome:Registration on the Utest page:Given than Zuly wants to sign up for Utest [Zuly open up [Zuly opens the Utest academy page]]
[Test worker] WARN net.thucydides.core.steps.BaseStepListener - stepStarted: net.thucydides.core.steps.ExecutedStepDescription@3dfbf6e0
[Test worker] WARN net.thucydides.core.steps.BaseStepListener - stepStarted: net.thucydides.core.steps.ExecutedStepDescription@3492d8e8
[Test worker] WARN net.thucydides.core.steps.BaseStepListener - stepStarted: net.thucydides.core.steps.ExecutedStepDescription@28a62ba6
[Test worker] WARN net.thucydides.core.steps.BaseStepListener - stepFinished: current outcome:Registration on the Utest page:Given than Zuly wants to sign up for Utest [Zuly open up [Zuly opens the Utest academy page]], When she clicks on the join today option
| strfirstname | strlastname | stremailadress | strmonth | strday | stryear | strcity | strzip | strcountry | strcomputer | strversion | strlanguage | strmobile | strmodel | strsystem | strpassword | strlanguageuser |
| Zuly | Mejia | principalzm@outlook.es | November | 8 | 1998 | Villavicencio | 500003 | Colombia | Windows | 10 | Spanish | Huawei | P30 lite | Android 10 | Utest123.. | Spanish | [Zuly join [Zuly clicks on Button to access the record]]
[Test worker] WARN net.thucydides.core.steps.BaseStepListener - stepStarted: net.thucydides.core.steps.ExecutedStepDescription@e8c825f
[Test worker] WARN net.thucydides.core.steps.BaseStepListener - stepFinished: current outcome:Registration on the Utest page:Given than Zuly wants to sign up for Utest [Zuly open up [Zuly opens the Utest academy page]], When she clicks on the join today option
| strfirstname | strlastname | stremailadress | strmonth | strday | stryear | strcity | strzip | strcountry | strcomputer | strversion | strlanguage | strmobile | strmodel | strsystem | strpassword | strlanguageuser |
| Zuly | Mejia | principalzm@outlook.es | November | 8 | 1998 | Villavicencio | 500003 | Colombia | Windows | 10 | Spanish | Huawei | P30 lite | Android 10 | Utest123.. | Spanish | [Zuly join [Zuly clicks on Button to access the record, Zuly enters 'Zuly' into Locate the input to write the name]]
[Test worker] WARN net.thucydides.core.steps.BaseStepListener - stepStarted: net.thucydides.core.steps.ExecutedStepDescription@61bac22b
[Test worker] WARN net.thucydides.core.steps.BaseStepListener - stepFinished: current outcome:Registration on the Utest page:Given than Zuly wants to sign up for Utest [Zuly open up [Zuly opens the Utest academy page]], When she clicks on the join today option
| strfirstname | strlastname | stremailadress | strmonth | strday | stryear | strcity | strzip | strcountry | strcomputer | strversion | strlanguage | strmobile | strmodel | strsystem | strpassword | strlanguageuser |
| Zuly | Mejia | principalzm@outlook.es | November | 8 | 1998 | Villavicencio | 500003 | Colombia | Windows | 10 | Spanish | Huawei | P30 lite | Android 10 | Utest123.. | Spanish | [Zuly join [Zuly clicks on Button to access the record, Zuly enters 'Zuly' into Locate the input to write the name, Zuly enters 'Mejia' into Locate the input to write the last name]]
[Test worker] WARN net.thucydides.core.steps.BaseStepListener - stepStarted: net.thucydides.core.steps.ExecutedStepDescription@6b0a8992
[Test worker] WARN net.thucydides.core.steps.BaseStepListener - stepFinished: current outcome:Registration on the Utest page:Given than Zuly wants to sign up for Utest [Zuly open up [Zuly opens the Utest academy page]], When she clicks on the join today option
| strfirstname | strlastname | stremailadress | strmonth | strday | stryear | strcity | strzip | strcountry | strcomputer | strversion | strlanguage | strmobile | strmodel | strsystem | strpassword | strlanguageuser |
| Zuly | Mejia | principalzm@outlook.es | November | 8 | 1998 | Villavicencio | 500003 | Colombia | Windows | 10 | Spanish | Huawei | P30 lite | Android 10 | Utest123.. | Spanish | [Zuly join [Zuly clicks on Button to access the record, Zuly enters 'Zuly' into Locate the input to write the name, Zuly enters 'Mejia' into Locate the input to write the last name, Zuly enters 'principalzm@outlook.es' into Locate the input to write the email]]
[Test worker] WARN net.thucydides.core.steps.BaseStepListener - stepStarted: net.thucydides.core.steps.ExecutedStepDescription@52e00bca
[Test worker] WARN net.thucydides.core.steps.BaseStepListener - stepFinished: current outcome:Registration on the Utest page:Given than Zuly wants to sign up for Utest [Zuly open up [Zuly opens the Utest academy page]], When she clicks on the join today option
| strfirstname | strlastname | stremailadress | strmonth | strday | stryear | strcity | strzip | strcountry | strcomputer | strversion | strlanguage | strmobile | strmodel | strsystem | strpassword | strlanguageuser |
| Zuly | Mejia | principalzm@outlook.es | November | 8 | 1998 | Villavicencio | 500003 | Colombia | Windows | 10 | Spanish | Huawei | P30 lite | Android 10 | Utest123.. | Spanish | [Zuly join [Zuly clicks on Button to access the record, Zuly enters 'Zuly' into Locate the input to write the name, Zuly enters 'Mejia' into Locate the input to write the last name, Zuly enters 'principalzm@outlook.es' into Locate the input to write the email, Zuly select November on Locate the select to choose the month of birth]]
[Test worker] WARN net.thucydides.core.steps.BaseStepListener - stepStarted: net.thucydides.core.steps.ExecutedStepDescription@70f49e1e
[Test worker] WARN net.thucydides.core.steps.BaseStepListener - stepFinished: current outcome:Registration on the Utest page:Given than Zuly wants to sign up for Utest [Zuly open up [Zuly opens the Utest academy page]], When she clicks on the join today option
| strfirstname | strlastname | stremailadress | strmonth | strday | stryear | strcity | strzip | strcountry | strcomputer | strversion | strlanguage | strmobile | strmodel | strsystem | strpassword | strlanguageuser |
| Zuly | Mejia | principalzm@outlook.es | November | 8 | 1998 | Villavicencio | 500003 | Colombia | Windows | 10 | Spanish | Huawei | P30 lite | Android 10 | Utest123.. | Spanish | [Zuly join [Zuly clicks on Button to access the record, Zuly enters 'Zuly' into Locate the input to write the name, Zuly enters 'Mejia' into Locate the input to write the last name, Zuly enters 'principalzm@outlook.es' into Locate the input to write the email, Zuly select November on Locate the select to choose the month of birth, Zuly select 8 on Locate the select to choose the day of birth]]
[Test worker] WARN net.thucydides.core.steps.BaseStepListener - stepStarted: net.thucydides.core.steps.ExecutedStepDescription@2b06c556
[Test worker] WARN net.thucydides.core.steps.BaseStepListener - stepFinished: current outcome:Registration on the Utest page:Given than Zuly wants to sign up for Utest [Zuly open up [Zuly opens the Utest academy page]], When she clicks on the join today option
| strfirstname | strlastname | stremailadress | strmonth | strday | stryear | strcity | strzip | strcountry | strcomputer | strversion | strlanguage | strmobile | strmodel | strsystem | strpassword | strlanguageuser |
| Zuly | Mejia | principalzm@outlook.es | November | 8 | 1998 | Villavicencio | 500003 | Colombia | Windows | 10 | Spanish | Huawei | P30 lite | Android 10 | Utest123.. | Spanish | [Zuly join [Zuly clicks on Button to access the record, Zuly enters 'Zuly' into Locate the input to write the name, Zuly enters 'Mejia' into Locate the input to write the last name, Zuly enters 'principalzm@outlook.es' into Locate the input to write the email, Zuly select November on Locate the select to choose the month of birth, Zuly select 8 on Locate the select to choose the day of birth, Zuly select 1998 on Locate the select to choose the year of birth]]
[Test worker] WARN net.thucydides.core.steps.BaseStepListener - stepStarted: net.thucydides.core.steps.ExecutedStepDescription@51b30552
[Test worker] WARN net.thucydides.core.steps.BaseStepListener - stepFinished: current outcome:Registration on the Utest page:Given than Zuly wants to sign up for Utest [Zuly open up [Zuly opens the Utest academy page]], When she clicks on the join today option
| strfirstname | strlastname | stremailadress | strmonth | strday | stryear | strcity | strzip | strcountry | strcomputer | strversion | strlanguage | strmobile | strmodel | strsystem | strpassword | strlanguageuser |
| Zuly | Mejia | principalzm@outlook.es | November | 8 | 1998 | Villavicencio | 500003 | Colombia | Windows | 10 | Spanish | Huawei | P30 lite | Android 10 | Utest123.. | Spanish | [Zuly join [Zuly clicks on Button to access the record, Zuly enters 'Zuly' into Locate the input to write the name, Zuly enters 'Mejia' into Locate the input to write the last name, Zuly enters 'principalzm@outlook.es' into Locate the input to write the email, Zuly select November on Locate the select to choose the month of birth, Zuly select 8 on Locate the select to choose the day of birth, Zuly select 1998 on Locate the select to choose the year of birth, Zuly enters 'Spanish' into Locate the input to write other language]]
[Test worker] WARN net.thucydides.core.steps.BaseStepListener - stepStarted: net.thucydides.core.steps.ExecutedStepDescription@12b551e4
[Test worker] WARN net.thucydides.core.steps.BaseStepListener - stepFinished: current outcome:Registration on the Utest page:Given than Zuly wants to sign up for Utest [Zuly open up [Zuly opens the Utest academy page]], When she clicks on the join today option
| strfirstname | strlastname | stremailadress | strmonth | strday | stryear | strcity | strzip | strcountry | strcomputer | strversion | strlanguage | strmobile | strmodel | strsystem | strpassword | strlanguageuser |
| Zuly | Mejia | principalzm@outlook.es | November | 8 | 1998 | Villavicencio | 500003 | Colombia | Windows | 10 | Spanish | Huawei | P30 lite | Android 10 | Utest123.. | Spanish | [Zuly join [Zuly clicks on Button to access the record, Zuly enters 'Zuly' into Locate the input to write the name, Zuly enters 'Mejia' into Locate the input to write the last name, Zuly enters 'principalzm@outlook.es' into Locate the input to write the email, Zuly select November on Locate the select to choose the month of birth, Zuly select 8 on Locate the select to choose the day of birth, Zuly select 1998 on Locate the select to choose the year of birth, Zuly enters 'Spanish' into Locate the input to write other language, Zuly types 'ENTER' in Locate the input to write other language]]
[Test worker] WARN net.thucydides.core.steps.BaseStepListener - stepFinished: current outcome:Registration on the Utest page:Given than Zuly wants to sign up for Utest [Zuly open up [Zuly opens the Utest academy page]], When she clicks on the join today option
| strfirstname | strlastname | stremailadress | strmonth | strday | stryear | strcity | strzip | strcountry | strcomputer | strversion | strlanguage | strmobile | strmodel | strsystem | strpassword | strlanguageuser |
| Zuly | Mejia | principalzm@outlook.es | November | 8 | 1998 | Villavicencio | 500003 | Colombia | Windows | 10 | Spanish | Huawei | P30 lite | Android 10 | Utest123.. | Spanish | [Zuly join [Zuly clicks on Button to access the record, Zuly enters 'Zuly' into Locate the input to write the name, Zuly enters 'Mejia' into Locate the input to write the last name, Zuly enters 'principalzm@outlook.es' into Locate the input to write the email, Zuly select November on Locate the select to choose the month of birth, Zuly select 8 on Locate the select to choose the day of birth, Zuly select 1998 on Locate the select to choose the year of birth, Zuly enters 'Spanish' into Locate the input to write other language, Zuly types 'ENTER' in Locate the input to write other language]]
[Test worker] WARN net.thucydides.core.steps.BaseStepListener - stepStarted: net.thucydides.core.steps.ExecutedStepDescription@6f7331a3
[Test worker] WARN net.thucydides.core.steps.BaseStepListener - stepStarted: net.thucydides.core.steps.ExecutedStepDescription@370de73b
[Test worker] WARN net.thucydides.core.steps.BaseStepListener - stepFinished: current outcome:Registration on the Utest page:Given than Zuly wants to sign up for Utest [Zuly open up [Zuly opens the Utest academy page]], When she clicks on the join today option
| strfirstname | strlastname | stremailadress | strmonth | strday | stryear | strcity | strzip | strcountry | strcomputer | strversion | strlanguage | strmobile | strmodel | strsystem | strpassword | strlanguageuser |
| Zuly | Mejia | principalzm@outlook.es | November | 8 | 1998 | Villavicencio | 500003 | Colombia | Windows | 10 | Spanish | Huawei | P30 lite | Android 10 | Utest123.. | Spanish | [Zuly join [Zuly clicks on Button to access the record, Zuly enters 'Zuly' into Locate the input to write the name, Zuly enters 'Mejia' into Locate the input to write the last name, Zuly enters 'principalzm@outlook.es' into Locate the input to write the email, Zuly select November on Locate the select to choose the month of birth, Zuly select 8 on Locate the select to choose the day of birth, Zuly select 1998 on Locate the select to choose the year of birth, Zuly enters 'Spanish' into Locate the input to write other language, Zuly types 'ENTER' in Locate the input to write other language], Zuly location [Zuly clicks on Locate the button to continue the registration]]
[Test worker] WARN net.thucydides.core.steps.BaseStepListener - stepStarted: net.thucydides.core.steps.ExecutedStepDescription@614f0f69
[Test worker] WARN net.thucydides.core.steps.BaseStepListener - stepFinished: current outcome:Registration on the Utest page:Given than Zuly wants to sign up for Utest [Zuly open up [Zuly opens the Utest academy page]], When she clicks on the join today option
| strfirstname | strlastname | stremailadress | strmonth | strday | stryear | strcity | strzip | strcountry | strcomputer | strversion | strlanguage | strmobile | strmodel | strsystem | strpassword | strlanguageuser |
| Zuly | Mejia | principalzm@outlook.es | November | 8 | 1998 | Villavicencio | 500003 | Colombia | Windows | 10 | Spanish | Huawei | P30 lite | Android 10 | Utest123.. | Spanish | [Zuly join [Zuly clicks on Button to access the record, Zuly enters 'Zuly' into Locate the input to write the name, Zuly enters 'Mejia' into Locate the input to write the last name, Zuly enters 'principalzm@outlook.es' into Locate the input to write the email, Zuly select November on Locate the select to choose the month of birth, Zuly select 8 on Locate the select to choose the day of birth, Zuly select 1998 on Locate the select to choose the year of birth, Zuly enters 'Spanish' into Locate the input to write other language, Zuly types 'ENTER' in Locate the input to write other language], Zuly location [Zuly clicks on Locate the button to continue the registration, Zuly enters 'Villavicencio' into Locate the input to write the city]]
[Test worker] WARN net.thucydides.core.steps.BaseStepListener - stepStarted: net.thucydides.core.steps.ExecutedStepDescription@73985f2e
[Test worker] WARN net.thucydides.core.steps.BaseStepListener - stepFinished: current outcome:Registration on the Utest page:Given than Zuly wants to sign up for Utest [Zuly open up [Zuly opens the Utest academy page]], When she clicks on the join today option
| strfirstname | strlastname | stremailadress | strmonth | strday | stryear | strcity | strzip | strcountry | strcomputer | strversion | strlanguage | strmobile | strmodel | strsystem | strpassword | strlanguageuser |
| Zuly | Mejia | principalzm@outlook.es | November | 8 | 1998 | Villavicencio | 500003 | Colombia | Windows | 10 | Spanish | Huawei | P30 lite | Android 10 | Utest123.. | Spanish | [Zuly join [Zuly clicks on Button to access the record, Zuly enters 'Zuly' into Locate the input to write the name, Zuly enters 'Mejia' into Locate the input to write the last name, Zuly enters 'principalzm@outlook.es' into Locate the input to write the email, Zuly select November on Locate the select to choose the month of birth, Zuly select 8 on Locate the select to choose the day of birth, Zuly select 1998 on Locate the select to choose the year of birth, Zuly enters 'Spanish' into Locate the input to write other language, Zuly types 'ENTER' in Locate the input to write other language], Zuly location [Zuly clicks on Locate the button to continue the registration, Zuly enters 'Villavicencio' into Locate the input to write the city, Zuly enters '500003' into Locate the input to write the zip code]]
[Test worker] WARN net.thucydides.core.steps.BaseStepListener - stepStarted: net.thucydides.core.steps.ExecutedStepDescription@7f9f2ae7
[Test worker] WARN net.thucydides.core.steps.BaseStepListener - stepFinished: current outcome:Registration on the Utest page:Given than Zuly wants to sign up for Utest [Zuly open up [Zuly opens the Utest academy page]], When she clicks on the join today option
| strfirstname | strlastname | stremailadress | strmonth | strday | stryear | strcity | strzip | strcountry | strcomputer | strversion | strlanguage | strmobile | strmodel | strsystem | strpassword | strlanguageuser |
| Zuly | Mejia | principalzm@outlook.es | November | 8 | 1998 | Villavicencio | 500003 | Colombia | Windows | 10 | Spanish | Huawei | P30 lite | Android 10 | Utest123.. | Spanish | [Zuly join [Zuly clicks on Button to access the record, Zuly enters 'Zuly' into Locate the input to write the name, Zuly enters 'Mejia' into Locate the input to write the last name, Zuly enters 'principalzm@outlook.es' into Locate the input to write the email, Zuly select November on Locate the select to choose the month of birth, Zuly select 8 on Locate the select to choose the day of birth, Zuly select 1998 on Locate the select to choose the year of birth, Zuly enters 'Spanish' into Locate the input to write other language, Zuly types 'ENTER' in Locate the input to write other language], Zuly location [Zuly clicks on Locate the button to continue the registration, Zuly enters 'Villavicencio' into Locate the input to write the city, Zuly enters '500003' into Locate the input to write the zip code, Zuly clicks on locate field to write country]]
[Test worker] WARN net.thucydides.core.steps.BaseStepListener - stepStarted: net.thucydides.core.steps.ExecutedStepDescription@11075ec5
[Test worker] WARN net.thucydides.core.steps.BaseStepListener - stepFinished: current outcome:Registration on the Utest page:Given than Zuly wants to sign up for Utest [Zuly open up [Zuly opens the Utest academy page]], When she clicks on the join today option
| strfirstname | strlastname | stremailadress | strmonth | strday | stryear | strcity | strzip | strcountry | strcomputer | strversion | strlanguage | strmobile | strmodel | strsystem | strpassword | strlanguageuser |
| Zuly | Mejia | principalzm@outlook.es | November | 8 | 1998 | Villavicencio | 500003 | Colombia | Windows | 10 | Spanish | Huawei | P30 lite | Android 10 | Utest123.. | Spanish | [Zuly join [Zuly clicks on Button to access the record, Zuly enters 'Zuly' into Locate the input to write the name, Zuly enters 'Mejia' into Locate the input to write the last name, Zuly enters 'principalzm@outlook.es' into Locate the input to write the email, Zuly select November on Locate the select to choose the month of birth, Zuly select 8 on Locate the select to choose the day of birth, Zuly select 1998 on Locate the select to choose the year of birth, Zuly enters 'Spanish' into Locate the input to write other language, Zuly types 'ENTER' in Locate the input to write other language], Zuly location [Zuly clicks on Locate the button to continue the registration, Zuly enters 'Villavicencio' into Locate the input to write the city, Zuly enters '500003' into Locate the input to write the zip code, Zuly clicks on locate field to write country, Zuly enters 'Colombia' into locate the input to write country]]
[Test worker] WARN net.thucydides.core.steps.BaseStepListener - stepStarted: net.thucydides.core.steps.ExecutedStepDescription@cbc37d7
[Test worker] WARN net.thucydides.core.steps.BaseStepListener - stepFinished: current outcome:Registration on the Utest page:Given than Zuly wants to sign up for Utest [Zuly open up [Zuly opens the Utest academy page]], When she clicks on the join today option
| strfirstname | strlastname | stremailadress | strmonth | strday | stryear | strcity | strzip | strcountry | strcomputer | strversion | strlanguage | strmobile | strmodel | strsystem | strpassword | strlanguageuser |
| Zuly | Mejia | principalzm@outlook.es | November | 8 | 1998 | Villavicencio | 500003 | Colombia | Windows | 10 | Spanish | Huawei | P30 lite | Android 10 | Utest123.. | Spanish | [Zuly join [Zuly clicks on Button to access the record, Zuly enters 'Zuly' into Locate the input to write the name, Zuly enters 'Mejia' into Locate the input to write the last name, Zuly enters 'principalzm@outlook.es' into Locate the input to write the email, Zuly select November on Locate the select to choose the month of birth, Zuly select 8 on Locate the select to choose the day of birth, Zuly select 1998 on Locate the select to choose the year of birth, Zuly enters 'Spanish' into Locate the input to write other language, Zuly types 'ENTER' in Locate the input to write other language], Zuly location [Zuly clicks on Locate the button to continue the registration, Zuly enters 'Villavicencio' into Locate the input to write the city, Zuly enters '500003' into Locate the input to write the zip code, Zuly clicks on locate field to write country, Zuly enters 'Colombia' into locate the input to write country, Zuly types 'ENTER' in locate the input to write country]]
[Test worker] WARN net.thucydides.core.steps.BaseStepListener - stepFinished: current outcome:Registration on the Utest page:Given than Zuly wants to sign up for Utest [Zuly open up [Zuly opens the Utest academy page]], When she clicks on the join today option
| strfirstname | strlastname | stremailadress | strmonth | strday | stryear | strcity | strzip | strcountry | strcomputer | strversion | strlanguage | strmobile | strmodel | strsystem | strpassword | strlanguageuser |
| Zuly | Mejia | principalzm@outlook.es | November | 8 | 1998 | Villavicencio | 500003 | Colombia | Windows | 10 | Spanish | Huawei | P30 lite | Android 10 | Utest123.. | Spanish | [Zuly join [Zuly clicks on Button to access the record, Zuly enters 'Zuly' into Locate the input to write the name, Zuly enters 'Mejia' into Locate the input to write the last name, Zuly enters 'principalzm@outlook.es' into Locate the input to write the email, Zuly select November on Locate the select to choose the month of birth, Zuly select 8 on Locate the select to choose the day of birth, Zuly select 1998 on Locate the select to choose the year of birth, Zuly enters 'Spanish' into Locate the input to write other language, Zuly types 'ENTER' in Locate the input to write other language], Zuly location [Zuly clicks on Locate the button to continue the registration, Zuly enters 'Villavicencio' into Locate the input to write the city, Zuly enters '500003' into Locate the input to write the zip code, Zuly clicks on locate field to write country, Zuly enters 'Colombia' into locate the input to write country, Zuly types 'ENTER' in locate the input to write country]]
[Test worker] WARN net.thucydides.core.steps.BaseStepListener - stepStarted: net.thucydides.core.steps.ExecutedStepDescription@1b939ab8
[Test worker] WARN net.thucydides.core.steps.BaseStepListener - stepStarted: net.thucydides.core.steps.ExecutedStepDescription@a677b4a
[Test worker] WARN net.thucydides.core.steps.BaseStepListener - stepFinished: current outcome:Registration on the Utest page:Given than Zuly wants to sign up for Utest [Zuly open up [Zuly opens the Utest academy page]], When she clicks on the join today option
| strfirstname | strlastname | stremailadress | strmonth | strday | stryear | strcity | strzip | strcountry | strcomputer | strversion | strlanguage | strmobile | strmodel | strsystem | strpassword | strlanguageuser |
| Zuly | Mejia | principalzm@outlook.es | November | 8 | 1998 | Villavicencio | 500003 | Colombia | Windows | 10 | Spanish | Huawei | P30 lite | Android 10 | Utest123.. | Spanish | [Zuly join [Zuly clicks on Button to access the record, Zuly enters 'Zuly' into Locate the input to write the name, Zuly enters 'Mejia' into Locate the input to write the last name, Zuly enters 'principalzm@outlook.es' into Locate the input to write the email, Zuly select November on Locate the select to choose the month of birth, Zuly select 8 on Locate the select to choose the day of birth, Zuly select 1998 on Locate the select to choose the year of birth, Zuly enters 'Spanish' into Locate the input to write other language, Zuly types 'ENTER' in Locate the input to write other language], Zuly location [Zuly clicks on Locate the button to continue the registration, Zuly enters 'Villavicencio' into Locate the input to write the city, Zuly enters '500003' into Locate the input to write the zip code, Zuly clicks on locate field to write country, Zuly enters 'Colombia' into locate the input to write country, Zuly types 'ENTER' in locate the input to write country], Zuly devices [Zuly clicks on Locate the button to continue the registration]]
[Test worker] WARN net.thucydides.core.steps.BaseStepListener - stepStarted: net.thucydides.core.steps.ExecutedStepDescription@5a3ee3a6
[Test worker] WARN net.thucydides.core.steps.BaseStepListener - stepFinished: current outcome:Registration on the Utest page:Given than Zuly wants to sign up for Utest [Zuly open up [Zuly opens the Utest academy page]], When she clicks on the join today option
| strfirstname | strlastname | stremailadress | strmonth | strday | stryear | strcity | strzip | strcountry | strcomputer | strversion | strlanguage | strmobile | strmodel | strsystem | strpassword | strlanguageuser |
| Zuly | Mejia | principalzm@outlook.es | November | 8 | 1998 | Villavicencio | 500003 | Colombia | Windows | 10 | Spanish | Huawei | P30 lite | Android 10 | Utest123.. | Spanish | [Zuly join [Zuly clicks on Button to access the record, Zuly enters 'Zuly' into Locate the input to write the name, Zuly enters 'Mejia' into Locate the input to write the last name, Zuly enters 'principalzm@outlook.es' into Locate the input to write the email, Zuly select November on Locate the select to choose the month of birth, Zuly select 8 on Locate the select to choose the day of birth, Zuly select 1998 on Locate the select to choose the year of birth, Zuly enters 'Spanish' into Locate the input to write other language, Zuly types 'ENTER' in Locate the input to write other language], Zuly location [Zuly clicks on Locate the button to continue the registration, Zuly enters 'Villavicencio' into Locate the input to write the city, Zuly enters '500003' into Locate the input to write the zip code, Zuly clicks on locate field to write country, Zuly enters 'Colombia' into locate the input to write country, Zuly types 'ENTER' in locate the input to write country], Zuly devices [Zuly clicks on Locate the button to continue the registration, Zuly clicks on locate field to write computer]]
[Test worker] WARN net.thucydides.core.steps.BaseStepListener - stepStarted: net.thucydides.core.steps.ExecutedStepDescription@7820da3e
[Test worker] WARN net.thucydides.core.steps.BaseStepListener - stepFinished: current outcome:Registration on the Utest page:Given than Zuly wants to sign up for Utest [Zuly open up [Zuly opens the Utest academy page]], When she clicks on the join today option
| strfirstname | strlastname | stremailadress | strmonth | strday | stryear | strcity | strzip | strcountry | strcomputer | strversion | strlanguage | strmobile | strmodel | strsystem | strpassword | strlanguageuser |
| Zuly | Mejia | principalzm@outlook.es | November | 8 | 1998 | Villavicencio | 500003 | Colombia | Windows | 10 | Spanish | Huawei | P30 lite | Android 10 | Utest123.. | Spanish | [Zuly join [Zuly clicks on Button to access the record, Zuly enters 'Zuly' into Locate the input to write the name, Zuly enters 'Mejia' into Locate the input to write the last name, Zuly enters 'principalzm@outlook.es' into Locate the input to write the email, Zuly select November on Locate the select to choose the month of birth, Zuly select 8 on Locate the select to choose the day of birth, Zuly select 1998 on Locate the select to choose the year of birth, Zuly enters 'Spanish' into Locate the input to write other language, Zuly types 'ENTER' in Locate the input to write other language], Zuly location [Zuly clicks on Locate the button to continue the registration, Zuly enters 'Villavicencio' into Locate the input to write the city, Zuly enters '500003' into Locate the input to write the zip code, Zuly clicks on locate field to write country, Zuly enters 'Colombia' into locate the input to write country, Zuly types 'ENTER' in locate the input to write country], Zuly devices [Zuly clicks on Locate the button to continue the registration, Zuly clicks on locate field to write computer, Zuly enters 'Windows' into locate field to write computer]]
[Test worker] WARN net.thucydides.core.steps.BaseStepListener - stepStarted: net.thucydides.core.steps.ExecutedStepDescription@2f488b93
[Test worker] WARN net.thucydides.core.steps.BaseStepListener - stepFinished: current outcome:Registration on the Utest page:Given than Zuly wants to sign up for Utest [Zuly open up [Zuly opens the Utest academy page]], When she clicks on the join today option
| strfirstname | strlastname | stremailadress | strmonth | strday | stryear | strcity | strzip | strcountry | strcomputer | strversion | strlanguage | strmobile | strmodel | strsystem | strpassword | strlanguageuser |
| Zuly | Mejia | principalzm@outlook.es | November | 8 | 1998 | Villavicencio | 500003 | Colombia | Windows | 10 | Spanish | Huawei | P30 lite | Android 10 | Utest123.. | Spanish | [Zuly join [Zuly clicks on Button to access the record, Zuly enters 'Zuly' into Locate the input to write the name, Zuly enters 'Mejia' into Locate the input to write the last name, Zuly enters 'principalzm@outlook.es' into Locate the input to write the email, Zuly select November on Locate the select to choose the month of birth, Zuly select 8 on Locate the select to choose the day of birth, Zuly select 1998 on Locate the select to choose the year of birth, Zuly enters 'Spanish' into Locate the input to write other language, Zuly types 'ENTER' in Locate the input to write other language], Zuly location [Zuly clicks on Locate the button to continue the registration, Zuly enters 'Villavicencio' into Locate the input to write the city, Zuly enters '500003' into Locate the input to write the zip code, Zuly clicks on locate field to write country, Zuly enters 'Colombia' into locate the input to write country, Zuly types 'ENTER' in locate the input to write country], Zuly devices [Zuly clicks on Locate the button to continue the registration, Zuly clicks on locate field to write computer, Zuly enters 'Windows' into locate field to write computer, Zuly clicks on locate field to write the computer version]]
[Test worker] WARN net.thucydides.core.steps.BaseStepListener - stepStarted: net.thucydides.core.steps.ExecutedStepDescription@5441b299
[Test worker] WARN net.thucydides.core.steps.BaseStepListener - stepFinished: current outcome:Registration on the Utest page:Given than Zuly wants to sign up for Utest [Zuly open up [Zuly opens the Utest academy page]], When she clicks on the join today option
| strfirstname | strlastname | stremailadress | strmonth | strday | stryear | strcity | strzip | strcountry | strcomputer | strversion | strlanguage | strmobile | strmodel | strsystem | strpassword | strlanguageuser |
| Zuly | Mejia | principalzm@outlook.es | November | 8 | 1998 | Villavicencio | 500003 | Colombia | Windows | 10 | Spanish | Huawei | P30 lite | Android 10 | Utest123.. | Spanish | [Zuly join [Zuly clicks on Button to access the record, Zuly enters 'Zuly' into Locate the input to write the name, Zuly enters 'Mejia' into Locate the input to write the last name, Zuly enters 'principalzm@outlook.es' into Locate the input to write the email, Zuly select November on Locate the select to choose the month of birth, Zuly select 8 on Locate the select to choose the day of birth, Zuly select 1998 on Locate the select to choose the year of birth, Zuly enters 'Spanish' into Locate the input to write other language, Zuly types 'ENTER' in Locate the input to write other language], Zuly location [Zuly clicks on Locate the button to continue the registration, Zuly enters 'Villavicencio' into Locate the input to write the city, Zuly enters '500003' into Locate the input to write the zip code, Zuly clicks on locate field to write country, Zuly enters 'Colombia' into locate the input to write country, Zuly types 'ENTER' in locate the input to write country], Zuly devices [Zuly clicks on Locate the button to continue the registration, Zuly clicks on locate field to write computer, Zuly enters 'Windows' into locate field to write computer, Zuly clicks on locate field to write the computer version, Zuly enters '10' into locate field to write the computer version]]
[Test worker] WARN net.thucydides.core.steps.BaseStepListener - stepStarted: net.thucydides.core.steps.ExecutedStepDescription@735241fc
[Test worker] WARN net.thucydides.core.steps.BaseStepListener - stepFinished: current outcome:Registration on the Utest page:Given than Zuly wants to sign up for Utest [Zuly open up [Zuly opens the Utest academy page]], When she clicks on the join today option
| strfirstname | strlastname | stremailadress | strmonth | strday | stryear | strcity | strzip | strcountry | strcomputer | strversion | strlanguage | strmobile | strmodel | strsystem | strpassword | strlanguageuser |
| Zuly | Mejia | principalzm@outlook.es | November | 8 | 1998 | Villavicencio | 500003 | Colombia | Windows | 10 | Spanish | Huawei | P30 lite | Android 10 | Utest123.. | Spanish | [Zuly join [Zuly clicks on Button to access the record, Zuly enters 'Zuly' into Locate the input to write the name, Zuly enters 'Mejia' into Locate the input to write the last name, Zuly enters 'principalzm@outlook.es' into Locate the input to write the email, Zuly select November on Locate the select to choose the month of birth, Zuly select 8 on Locate the select to choose the day of birth, Zuly select 1998 on Locate the select to choose the year of birth, Zuly enters 'Spanish' into Locate the input to write other language, Zuly types 'ENTER' in Locate the input to write other language], Zuly location [Zuly clicks on Locate the button to continue the registration, Zuly enters 'Villavicencio' into Locate the input to write the city, Zuly enters '500003' into Locate the input to write the zip code, Zuly clicks on locate field to write country, Zuly enters 'Colombia' into locate the input to write country, Zuly types 'ENTER' in locate the input to write country], Zuly devices [Zuly clicks on Locate the button to continue the registration, Zuly clicks on locate field to write computer, Zuly enters 'Windows' into locate field to write computer, Zuly clicks on locate field to write the computer version, Zuly enters '10' into locate field to write the computer version, Zuly clicks on locate field to write the computer language]]
[Test worker] WARN net.thucydides.core.steps.BaseStepListener - stepStarted: net.thucydides.core.steps.ExecutedStepDescription@1a3bea03
[Test worker] WARN net.thucydides.core.steps.BaseStepListener - stepFinished: current outcome:Registration on the Utest page:Given than Zuly wants to sign up for Utest [Zuly open up [Zuly opens the Utest academy page]], When she clicks on the join today option
| strfirstname | strlastname | stremailadress | strmonth | strday | stryear | strcity | strzip | strcountry | strcomputer | strversion | strlanguage | strmobile | strmodel | strsystem | strpassword | strlanguageuser |
| Zuly | Mejia | principalzm@outlook.es | November | 8 | 1998 | Villavicencio | 500003 | Colombia | Windows | 10 | Spanish | Huawei | P30 lite | Android 10 | Utest123.. | Spanish | [Zuly join [Zuly clicks on Button to access the record, Zuly enters 'Zuly' into Locate the input to write the name, Zuly enters 'Mejia' into Locate the input to write the last name, Zuly enters 'principalzm@outlook.es' into Locate the input to write the email, Zuly select November on Locate the select to choose the month of birth, Zuly select 8 on Locate the select to choose the day of birth, Zuly select 1998 on Locate the select to choose the year of birth, Zuly enters 'Spanish' into Locate the input to write other language, Zuly types 'ENTER' in Locate the input to write other language], Zuly location [Zuly clicks on Locate the button to continue the registration, Zuly enters 'Villavicencio' into Locate the input to write the city, Zuly enters '500003' into Locate the input to write the zip code, Zuly clicks on locate field to write country, Zuly enters 'Colombia' into locate the input to write country, Zuly types 'ENTER' in locate the input to write country], Zuly devices [Zuly clicks on Locate the button to continue the registration, Zuly clicks on locate field to write computer, Zuly enters 'Windows' into locate field to write computer, Zuly clicks on locate field to write the computer version, Zuly enters '10' into locate field to write the computer version, Zuly clicks on locate field to write the computer language, Zuly enters 'Spanish' into locate field to write the computer language]]
[Test worker] WARN net.thucydides.core.steps.BaseStepListener - stepStarted: net.thucydides.core.steps.ExecutedStepDescription@65448b83
[Test worker] WARN net.thucydides.core.steps.BaseStepListener - stepFinished: current outcome:Registration on the Utest page:Given than Zuly wants to sign up for Utest [Zuly open up [Zuly opens the Utest academy page]], When she clicks on the join today option
| strfirstname | strlastname | stremailadress | strmonth | strday | stryear | strcity | strzip | strcountry | strcomputer | strversion | strlanguage | strmobile | strmodel | strsystem | strpassword | strlanguageuser |
| Zuly | Mejia | principalzm@outlook.es | November | 8 | 1998 | Villavicencio | 500003 | Colombia | Windows | 10 | Spanish | Huawei | P30 lite | Android 10 | Utest123.. | Spanish | [Zuly join [Zuly clicks on Button to access the record, Zuly enters 'Zuly' into Locate the input to write the name, Zuly enters 'Mejia' into Locate the input to write the last name, Zuly enters 'principalzm@outlook.es' into Locate the input to write the email, Zuly select November on Locate the select to choose the month of birth, Zuly select 8 on Locate the select to choose the day of birth, Zuly select 1998 on Locate the select to choose the year of birth, Zuly enters 'Spanish' into Locate the input to write other language, Zuly types 'ENTER' in Locate the input to write other language], Zuly location [Zuly clicks on Locate the button to continue the registration, Zuly enters 'Villavicencio' into Locate the input to write the city, Zuly enters '500003' into Locate the input to write the zip code, Zuly clicks on locate field to write country, Zuly enters 'Colombia' into locate the input to write country, Zuly types 'ENTER' in locate the input to write country], Zuly devices [Zuly clicks on Locate the button to continue the registration, Zuly clicks on locate field to write computer, Zuly enters 'Windows' into locate field to write computer, Zuly clicks on locate field to write the computer version, Zuly enters '10' into locate field to write the computer version, Zuly clicks on locate field to write the computer language, Zuly enters 'Spanish' into locate field to write the computer language, Zuly types 'ENTER' in locate field to write the computer language]]
[Test worker] WARN net.thucydides.core.steps.BaseStepListener - stepStarted: net.thucydides.core.steps.ExecutedStepDescription@7c403b0f
[Test worker] WARN net.thucydides.core.steps.BaseStepListener - stepFinished: current outcome:Registration on the Utest page:Given than Zuly wants to sign up for Utest [Zuly open up [Zuly opens the Utest academy page]], When she clicks on the join today option
| strfirstname | strlastname | stremailadress | strmonth | strday | stryear | strcity | strzip | strcountry | strcomputer | strversion | strlanguage | strmobile | strmodel | strsystem | strpassword | strlanguageuser |
| Zuly | Mejia | principalzm@outlook.es | November | 8 | 1998 | Villavicencio | 500003 | Colombia | Windows | 10 | Spanish | Huawei | P30 lite | Android 10 | Utest123.. | Spanish | [Zuly join [Zuly clicks on Button to access the record, Zuly enters 'Zuly' into Locate the input to write the name, Zuly enters 'Mejia' into Locate the input to write the last name, Zuly enters 'principalzm@outlook.es' into Locate the input to write the email, Zuly select November on Locate the select to choose the month of birth, Zuly select 8 on Locate the select to choose the day of birth, Zuly select 1998 on Locate the select to choose the year of birth, Zuly enters 'Spanish' into Locate the input to write other language, Zuly types 'ENTER' in Locate the input to write other language], Zuly location [Zuly clicks on Locate the button to continue the registration, Zuly enters 'Villavicencio' into Locate the input to write the city, Zuly enters '500003' into Locate the input to write the zip code, Zuly clicks on locate field to write country, Zuly enters 'Colombia' into locate the input to write country, Zuly types 'ENTER' in locate the input to write country], Zuly devices [Zuly clicks on Locate the button to continue the registration, Zuly clicks on locate field to write computer, Zuly enters 'Windows' into locate field to write computer, Zuly clicks on locate field to write the computer version, Zuly enters '10' into locate field to write the computer version, Zuly clicks on locate field to write the computer language, Zuly enters 'Spanish' into locate field to write the computer language, Zuly types 'ENTER' in locate field to write the computer language, Zuly clicks on locate field to write the mobile]]
[Test worker] WARN net.thucydides.core.steps.BaseStepListener - stepStarted: net.thucydides.core.steps.ExecutedStepDescription@da5e9fa
[Test worker] WARN net.thucydides.core.steps.BaseStepListener - stepFinished: current outcome:Registration on the Utest page:Given than Zuly wants to sign up for Utest [Zuly open up [Zuly opens the Utest academy page]], When she clicks on the join today option
| strfirstname | strlastname | stremailadress | strmonth | strday | stryear | strcity | strzip | strcountry | strcomputer | strversion | strlanguage | strmobile | strmodel | strsystem | strpassword | strlanguageuser |
| Zuly | Mejia | principalzm@outlook.es | November | 8 | 1998 | Villavicencio | 500003 | Colombia | Windows | 10 | Spanish | Huawei | P30 lite | Android 10 | Utest123.. | Spanish | [Zuly join [Zuly clicks on Button to access the record, Zuly enters 'Zuly' into Locate the input to write the name, Zuly enters 'Mejia' into Locate the input to write the last name, Zuly enters 'principalzm@outlook.es' into Locate the input to write the email, Zuly select November on Locate the select to choose the month of birth, Zuly select 8 on Locate the select to choose the day of birth, Zuly select 1998 on Locate the select to choose the year of birth, Zuly enters 'Spanish' into Locate the input to write other language, Zuly types 'ENTER' in Locate the input to write other language], Zuly location [Zuly clicks on Locate the button to continue the registration, Zuly enters 'Villavicencio' into Locate the input to write the city, Zuly enters '500003' into Locate the input to write the zip code, Zuly clicks on locate field to write country, Zuly enters 'Colombia' into locate the input to write country, Zuly types 'ENTER' in locate the input to write country], Zuly devices [Zuly clicks on Locate the button to continue the registration, Zuly clicks on locate field to write computer, Zuly enters 'Windows' into locate field to write computer, Zuly clicks on locate field to write the computer version, Zuly enters '10' into locate field to write the computer version, Zuly clicks on locate field to write the computer language, Zuly enters 'Spanish' into locate field to write the computer language, Zuly types 'ENTER' in locate field to write the computer language, Zuly clicks on locate field to write the mobile, Zuly enters 'Huawei' into locate field to write the mobile]]
[Test worker] WARN net.thucydides.core.steps.BaseStepListener - stepStarted: net.thucydides.core.steps.ExecutedStepDescription@4e7ee29c
[Test worker] WARN net.thucydides.core.steps.BaseStepListener - stepFinished: current outcome:Registration on the Utest page:Given than Zuly wants to sign up for Utest [Zuly open up [Zuly opens the Utest academy page]], When she clicks on the join today option
| strfirstname | strlastname | stremailadress | strmonth | strday | stryear | strcity | strzip | strcountry | strcomputer | strversion | strlanguage | strmobile | strmodel | strsystem | strpassword | strlanguageuser |
| Zuly | Mejia | principalzm@outlook.es | November | 8 | 1998 | Villavicencio | 500003 | Colombia | Windows | 10 | Spanish | Huawei | P30 lite | Android 10 | Utest123.. | Spanish | [Zuly join [Zuly clicks on Button to access the record, Zuly enters 'Zuly' into Locate the input to write the name, Zuly enters 'Mejia' into Locate the input to write the last name, Zuly enters 'principalzm@outlook.es' into Locate the input to write the email, Zuly select November on Locate the select to choose the month of birth, Zuly select 8 on Locate the select to choose the day of birth, Zuly select 1998 on Locate the select to choose the year of birth, Zuly enters 'Spanish' into Locate the input to write other language, Zuly types 'ENTER' in Locate the input to write other language], Zuly location [Zuly clicks on Locate the button to continue the registration, Zuly enters 'Villavicencio' into Locate the input to write the city, Zuly enters '500003' into Locate the input to write the zip code, Zuly clicks on locate field to write country, Zuly enters 'Colombia' into locate the input to write country, Zuly types 'ENTER' in locate the input to write country], Zuly devices [Zuly clicks on Locate the button to continue the registration, Zuly clicks on locate field to write computer, Zuly enters 'Windows' into locate field to write computer, Zuly clicks on locate field to write the computer version, Zuly enters '10' into locate field to write the computer version, Zuly clicks on locate field to write the computer language, Zuly enters 'Spanish' into locate field to write the computer language, Zuly types 'ENTER' in locate field to write the computer language, Zuly clicks on locate field to write the mobile, Zuly enters 'Huawei' into locate field to write the mobile, Zuly types 'ENTER' in locate field to write the mobile]]
[Test worker] WARN net.thucydides.core.steps.BaseStepListener - stepStarted: net.thucydides.core.steps.ExecutedStepDescription@45625b31
[Test worker] WARN net.thucydides.core.steps.BaseStepListener - stepFinished: current outcome:Registration on the Utest page:Given than Zuly wants to sign up for Utest [Zuly open up [Zuly opens the Utest academy page]], When she clicks on the join today option
| strfirstname | strlastname | stremailadress | strmonth | strday | stryear | strcity | strzip | strcountry | strcomputer | strversion | strlanguage | strmobile | strmodel | strsystem | strpassword | strlanguageuser |
| Zuly | Mejia | principalzm@outlook.es | November | 8 | 1998 | Villavicencio | 500003 | Colombia | Windows | 10 | Spanish | Huawei | P30 lite | Android 10 | Utest123.. | Spanish | [Zuly join [Zuly clicks on Button to access the record, Zuly enters 'Zuly' into Locate the input to write the name, Zuly enters 'Mejia' into Locate the input to write the last name, Zuly enters 'principalzm@outlook.es' into Locate the input to write the email, Zuly select November on Locate the select to choose the month of birth, Zuly select 8 on Locate the select to choose the day of birth, Zuly select 1998 on Locate the select to choose the year of birth, Zuly enters 'Spanish' into Locate the input to write other language, Zuly types 'ENTER' in Locate the input to write other language], Zuly location [Zuly clicks on Locate the button to continue the registration, Zuly enters 'Villavicencio' into Locate the input to write the city, Zuly enters '500003' into Locate the input to write the zip code, Zuly clicks on locate field to write country, Zuly enters 'Colombia' into locate the input to write country, Zuly types 'ENTER' in locate the input to write country], Zuly devices [Zuly clicks on Locate the button to continue the registration, Zuly clicks on locate field to write computer, Zuly enters 'Windows' into locate field to write computer, Zuly clicks on locate field to write the computer version, Zuly enters '10' into locate field to write the computer version, Zuly clicks on locate field to write the computer language, Zuly enters 'Spanish' into locate field to write the computer language, Zuly types 'ENTER' in locate field to write the computer language, Zuly clicks on locate field to write the mobile, Zuly enters 'Huawei' into locate field to write the mobile, Zuly types 'ENTER' in locate field to write the mobile, Zuly clicks on locate field to write the mobile model]]
[Test worker] WARN net.thucydides.core.steps.BaseStepListener - stepStarted: net.thucydides.core.steps.ExecutedStepDescription@688bee6c
[Test worker] WARN net.thucydides.core.steps.BaseStepListener - stepFinished: current outcome:Registration on the Utest page:Given than Zuly wants to sign up for Utest [Zuly open up [Zuly opens the Utest academy page]], When she clicks on the join today option
| strfirstname | strlastname | stremailadress | strmonth | strday | stryear | strcity | strzip | strcountry | strcomputer | strversion | strlanguage | strmobile | strmodel | strsystem | strpassword | strlanguageuser |
| Zuly | Mejia | principalzm@outlook.es | November | 8 | 1998 | Villavicencio | 500003 | Colombia | Windows | 10 | Spanish | Huawei | P30 lite | Android 10 | Utest123.. | Spanish | [Zuly join [Zuly clicks on Button to access the record, Zuly enters 'Zuly' into Locate the input to write the name, Zuly enters 'Mejia' into Locate the input to write the last name, Zuly enters 'principalzm@outlook.es' into Locate the input to write the email, Zuly select November on Locate the select to choose the month of birth, Zuly select 8 on Locate the select to choose the day of birth, Zuly select 1998 on Locate the select to choose the year of birth, Zuly enters 'Spanish' into Locate the input to write other language, Zuly types 'ENTER' in Locate the input to write other language], Zuly location [Zuly clicks on Locate the button to continue the registration, Zuly enters 'Villavicencio' into Locate the input to write the city, Zuly enters '500003' into Locate the input to write the zip code, Zuly clicks on locate field to write country, Zuly enters 'Colombia' into locate the input to write country, Zuly types 'ENTER' in locate the input to write country], Zuly devices [Zuly clicks on Locate the button to continue the registration, Zuly clicks on locate field to write computer, Zuly enters 'Windows' into locate field to write computer, Zuly clicks on locate field to write the computer version, Zuly enters '10' into locate field to write the computer version, Zuly clicks on locate field to write the computer language, Zuly enters 'Spanish' into locate field to write the computer language, Zuly types 'ENTER' in locate field to write the computer language, Zuly clicks on locate field to write the mobile, Zuly enters 'Huawei' into locate field to write the mobile, Zuly types 'ENTER' in locate field to write the mobile, Zuly clicks on locate field to write the mobile model, Zuly enters 'P30 lite' into locate field to write the mobile model]]
[Test worker] WARN net.thucydides.core.steps.BaseStepListener - stepStarted: net.thucydides.core.steps.ExecutedStepDescription@6564dce4
[Test worker] WARN net.thucydides.core.steps.BaseStepListener - stepFinished: current outcome:Registration on the Utest page:Given than Zuly wants to sign up for Utest [Zuly open up [Zuly opens the Utest academy page]], When she clicks on the join today option
| strfirstname | strlastname | stremailadress | strmonth | strday | stryear | strcity | strzip | strcountry | strcomputer | strversion | strlanguage | strmobile | strmodel | strsystem | strpassword | strlanguageuser |
| Zuly | Mejia | principalzm@outlook.es | November | 8 | 1998 | Villavicencio | 500003 | Colombia | Windows | 10 | Spanish | Huawei | P30 lite | Android 10 | Utest123.. | Spanish | [Zuly join [Zuly clicks on Button to access the record, Zuly enters 'Zuly' into Locate the input to write the name, Zuly enters 'Mejia' into Locate the input to write the last name, Zuly enters 'principalzm@outlook.es' into Locate the input to write the email, Zuly select November on Locate the select to choose the month of birth, Zuly select 8 on Locate the select to choose the day of birth, Zuly select 1998 on Locate the select to choose the year of birth, Zuly enters 'Spanish' into Locate the input to write other language, Zuly types 'ENTER' in Locate the input to write other language], Zuly location [Zuly clicks on Locate the button to continue the registration, Zuly enters 'Villavicencio' into Locate the input to write the city, Zuly enters '500003' into Locate the input to write the zip code, Zuly clicks on locate field to write country, Zuly enters 'Colombia' into locate the input to write country, Zuly types 'ENTER' in locate the input to write country], Zuly devices [Zuly clicks on Locate the button to continue the registration, Zuly clicks on locate field to write computer, Zuly enters 'Windows' into locate field to write computer, Zuly clicks on locate field to write the computer version, Zuly enters '10' into locate field to write the computer version, Zuly clicks on locate field to write the computer language, Zuly enters 'Spanish' into locate field to write the computer language, Zuly types 'ENTER' in locate field to write the computer language, Zuly clicks on locate field to write the mobile, Zuly enters 'Huawei' into locate field to write the mobile, Zuly types 'ENTER' in locate field to write the mobile, Zuly clicks on locate field to write the mobile model, Zuly enters 'P30 lite' into locate field to write the mobile model, Zuly types 'ENTER' in locate field to write the mobile model]]
[Test worker] WARN net.thucydides.core.steps.BaseStepListener - stepStarted: net.thucydides.core.steps.ExecutedStepDescription@12e25d57
[Test worker] WARN net.thucydides.core.steps.BaseStepListener - stepFinished: current outcome:Registration on the Utest page:Given than Zuly wants to sign up for Utest [Zuly open up [Zuly opens the Utest academy page]], When she clicks on the join today option
| strfirstname | strlastname | stremailadress | strmonth | strday | stryear | strcity | strzip | strcountry | strcomputer | strversion | strlanguage | strmobile | strmodel | strsystem | strpassword | strlanguageuser |
| Zuly | Mejia | principalzm@outlook.es | November | 8 | 1998 | Villavicencio | 500003 | Colombia | Windows | 10 | Spanish | Huawei | P30 lite | Android 10 | Utest123.. | Spanish | [Zuly join [Zuly clicks on Button to access the record, Zuly enters 'Zuly' into Locate the input to write the name, Zuly enters 'Mejia' into Locate the input to write the last name, Zuly enters 'principalzm@outlook.es' into Locate the input to write the email, Zuly select November on Locate the select to choose the month of birth, Zuly select 8 on Locate the select to choose the day of birth, Zuly select 1998 on Locate the select to choose the year of birth, Zuly enters 'Spanish' into Locate the input to write other language, Zuly types 'ENTER' in Locate the input to write other language], Zuly location [Zuly clicks on Locate the button to continue the registration, Zuly enters 'Villavicencio' into Locate the input to write the city, Zuly enters '500003' into Locate the input to write the zip code, Zuly clicks on locate field to write country, Zuly enters 'Colombia' into locate the input to write country, Zuly types 'ENTER' in locate the input to write country], Zuly devices [Zuly clicks on Locate the button to continue the registration, Zuly clicks on locate field to write computer, Zuly enters 'Windows' into locate field to write computer, Zuly clicks on locate field to write the computer version, Zuly enters '10' into locate field to write the computer version, Zuly clicks on locate field to write the computer language, Zuly enters 'Spanish' into locate field to write the computer language, Zuly types 'ENTER' in locate field to write the computer language, Zuly clicks on locate field to write the mobile, Zuly enters 'Huawei' into locate field to write the mobile, Zuly types 'ENTER' in locate field to write the mobile, Zuly clicks on locate field to write the mobile model, Zuly enters 'P30 lite' into locate field to write the mobile model, Zuly types 'ENTER' in locate field to write the mobile model, Zuly clicks on locate field to write the mobile Operating System]]
[Test worker] WARN net.thucydides.core.steps.BaseStepListener - stepStarted: net.thucydides.core.steps.ExecutedStepDescription@6d9c8def
[Test worker] WARN net.thucydides.core.steps.BaseStepListener - stepFinished: current outcome:Registration on the Utest page:Given than Zuly wants to sign up for Utest [Zuly open up [Zuly opens the Utest academy page]], When she clicks on the join today option
| strfirstname | strlastname | stremailadress | strmonth | strday | stryear | strcity | strzip | strcountry | strcomputer | strversion | strlanguage | strmobile | strmodel | strsystem | strpassword | strlanguageuser |
| Zuly | Mejia | principalzm@outlook.es | November | 8 | 1998 | Villavicencio | 500003 | Colombia | Windows | 10 | Spanish | Huawei | P30 lite | Android 10 | Utest123.. | Spanish | [Zuly join [Zuly clicks on Button to access the record, Zuly enters 'Zuly' into Locate the input to write the name, Zuly enters 'Mejia' into Locate the input to write the last name, Zuly enters 'principalzm@outlook.es' into Locate the input to write the email, Zuly select November on Locate the select to choose the month of birth, Zuly select 8 on Locate the select to choose the day of birth, Zuly select 1998 on Locate the select to choose the year of birth, Zuly enters 'Spanish' into Locate the input to write other language, Zuly types 'ENTER' in Locate the input to write other language], Zuly location [Zuly clicks on Locate the button to continue the registration, Zuly enters 'Villavicencio' into Locate the input to write the city, Zuly enters '500003' into Locate the input to write the zip code, Zuly clicks on locate field to write country, Zuly enters 'Colombia' into locate the input to write country, Zuly types 'ENTER' in locate the input to write country], Zuly devices [Zuly clicks on Locate the button to continue the registration, Zuly clicks on locate field to write computer, Zuly enters 'Windows' into locate field to write computer, Zuly clicks on locate field to write the computer version, Zuly enters '10' into locate field to write the computer version, Zuly clicks on locate field to write the computer language, Zuly enters 'Spanish' into locate field to write the computer language, Zuly types 'ENTER' in locate field to write the computer language, Zuly clicks on locate field to write the mobile, Zuly enters 'Huawei' into locate field to write the mobile, Zuly types 'ENTER' in locate field to write the mobile, Zuly clicks on locate field to write the mobile model, Zuly enters 'P30 lite' into locate field to write the mobile model, Zuly types 'ENTER' in locate field to write the mobile model, Zuly clicks on locate field to write the mobile Operating System, Zuly enters 'Android 10' into locate field to write the mobile Operating System]]
[Test worker] WARN net.thucydides.core.steps.BaseStepListener - stepStarted: net.thucydides.core.steps.ExecutedStepDescription@57aa74c
[Test worker] WARN net.thucydides.core.steps.BaseStepListener - stepFinished: current outcome:Registration on the Utest page:Given than Zuly wants to sign up for Utest [Zuly open up [Zuly opens the Utest academy page]], When she clicks on the join today option
| strfirstname | strlastname | stremailadress | strmonth | strday | stryear | strcity | strzip | strcountry | strcomputer | strversion | strlanguage | strmobile | strmodel | strsystem | strpassword | strlanguageuser |
| Zuly | Mejia | principalzm@outlook.es | November | 8 | 1998 | Villavicencio | 500003 | Colombia | Windows | 10 | Spanish | Huawei | P30 lite | Android 10 | Utest123.. | Spanish | [Zuly join [Zuly clicks on Button to access the record, Zuly enters 'Zuly' into Locate the input to write the name, Zuly enters 'Mejia' into Locate the input to write the last name, Zuly enters 'principalzm@outlook.es' into Locate the input to write the email, Zuly select November on Locate the select to choose the month of birth, Zuly select 8 on Locate the select to choose the day of birth, Zuly select 1998 on Locate the select to choose the year of birth, Zuly enters 'Spanish' into Locate the input to write other language, Zuly types 'ENTER' in Locate the input to write other language], Zuly location [Zuly clicks on Locate the button to continue the registration, Zuly enters 'Villavicencio' into Locate the input to write the city, Zuly enters '500003' into Locate the input to write the zip code, Zuly clicks on locate field to write country, Zuly enters 'Colombia' into locate the input to write country, Zuly types 'ENTER' in locate the input to write country], Zuly devices [Zuly clicks on Locate the button to continue the registration, Zuly clicks on locate field to write computer, Zuly enters 'Windows' into locate field to write computer, Zuly clicks on locate field to write the computer version, Zuly enters '10' into locate field to write the computer version, Zuly clicks on locate field to write the computer language, Zuly enters 'Spanish' into locate field to write the computer language, Zuly types 'ENTER' in locate field to write the computer language, Zuly clicks on locate field to write the mobile, Zuly enters 'Huawei' into locate field to write the mobile, Zuly types 'ENTER' in locate field to write the mobile, Zuly clicks on locate field to write the mobile model, Zuly enters 'P30 lite' into locate field to write the mobile model, Zuly types 'ENTER' in locate field to write the mobile model, Zuly clicks on locate field to write the mobile Operating System, Zuly enters 'Android 10' into locate field to write the mobile Operating System, Zuly types 'ENTER' in locate field to write the mobile Operating System]]
[Test worker] WARN net.thucydides.core.steps.BaseStepListener - stepFinished: current outcome:Registration on the Utest page:Given than Zuly wants to sign up for Utest [Zuly open up [Zuly opens the Utest academy page]], When she clicks on the join today option
| strfirstname | strlastname | stremailadress | strmonth | strday | stryear | strcity | strzip | strcountry | strcomputer | strversion | strlanguage | strmobile | strmodel | strsystem | strpassword | strlanguageuser |
| Zuly | Mejia | principalzm@outlook.es | November | 8 | 1998 | Villavicencio | 500003 | Colombia | Windows | 10 | Spanish | Huawei | P30 lite | Android 10 | Utest123.. | Spanish | [Zuly join [Zuly clicks on Button to access the record, Zuly enters 'Zuly' into Locate the input to write the name, Zuly enters 'Mejia' into Locate the input to write the last name, Zuly enters 'principalzm@outlook.es' into Locate the input to write the email, Zuly select November on Locate the select to choose the month of birth, Zuly select 8 on Locate the select to choose the day of birth, Zuly select 1998 on Locate the select to choose the year of birth, Zuly enters 'Spanish' into Locate the input to write other language, Zuly types 'ENTER' in Locate the input to write other language], Zuly location [Zuly clicks on Locate the button to continue the registration, Zuly enters 'Villavicencio' into Locate the input to write the city, Zuly enters '500003' into Locate the input to write the zip code, Zuly clicks on locate field to write country, Zuly enters 'Colombia' into locate the input to write country, Zuly types 'ENTER' in locate the input to write country], Zuly devices [Zuly clicks on Locate the button to continue the registration, Zuly clicks on locate field to write computer, Zuly enters 'Windows' into locate field to write computer, Zuly clicks on locate field to write the computer version, Zuly enters '10' into locate field to write the computer version, Zuly clicks on locate field to write the computer language, Zuly enters 'Spanish' into locate field to write the computer language, Zuly types 'ENTER' in locate field to write the computer language, Zuly clicks on locate field to write the mobile, Zuly enters 'Huawei' into locate field to write the mobile, Zuly types 'ENTER' in locate field to write the mobile, Zuly clicks on locate field to write the mobile model, Zuly enters 'P30 lite' into locate field to write the mobile model, Zuly types 'ENTER' in locate field to write the mobile model, Zuly clicks on locate field to write the mobile Operating System, Zuly enters 'Android 10' into locate field to write the mobile Operating System, Zuly types 'ENTER' in locate field to write the mobile Operating System]]
[Test worker] WARN net.thucydides.core.steps.BaseStepListener - stepStarted: net.thucydides.core.steps.ExecutedStepDescription@14555d56
[Test worker] WARN net.thucydides.core.steps.BaseStepListener - stepStarted: net.thucydides.core.steps.ExecutedStepDescription@27036270
[Test worker] WARN net.thucydides.core.steps.BaseStepListener - stepFinished: current outcome:Registration on the Utest page:Given than Zuly wants to sign up for Utest [Zuly open up [Zuly opens the Utest academy page]], When she clicks on the join today option
| strfirstname | strlastname | stremailadress | strmonth | strday | stryear | strcity | strzip | strcountry | strcomputer | strversion | strlanguage | strmobile | strmodel | strsystem | strpassword | strlanguageuser |
| Zuly | Mejia | principalzm@outlook.es | November | 8 | 1998 | Villavicencio | 500003 | Colombia | Windows | 10 | Spanish | Huawei | P30 lite | Android 10 | Utest123.. | Spanish | [Zuly join [Zuly clicks on Button to access the record, Zuly enters 'Zuly' into Locate the input to write the name, Zuly enters 'Mejia' into Locate the input to write the last name, Zuly enters 'principalzm@outlook.es' into Locate the input to write the email, Zuly select November on Locate the select to choose the month of birth, Zuly select 8 on Locate the select to choose the day of birth, Zuly select 1998 on Locate the select to choose the year of birth, Zuly enters 'Spanish' into Locate the input to write other language, Zuly types 'ENTER' in Locate the input to write other language], Zuly location [Zuly clicks on Locate the button to continue the registration, Zuly enters 'Villavicencio' into Locate the input to write the city, Zuly enters '500003' into Locate the input to write the zip code, Zuly clicks on locate field to write country, Zuly enters 'Colombia' into locate the input to write country, Zuly types 'ENTER' in locate the input to write country], Zuly devices [Zuly clicks on Locate the button to continue the registration, Zuly clicks on locate field to write computer, Zuly enters 'Windows' into locate field to write computer, Zuly clicks on locate field to write the computer version, Zuly enters '10' into locate field to write the computer version, Zuly clicks on locate field to write the computer language, Zuly enters 'Spanish' into locate field to write the computer language, Zuly types 'ENTER' in locate field to write the computer language, Zuly clicks on locate field to write the mobile, Zuly enters 'Huawei' into locate field to write the mobile, Zuly types 'ENTER' in locate field to write the mobile, Zuly clicks on locate field to write the mobile model, Zuly enters 'P30 lite' into locate field to write the mobile model, Zuly types 'ENTER' in locate field to write the mobile model, Zuly clicks on locate field to write the mobile Operating System, Zuly enters 'Android 10' into locate field to write the mobile Operating System, Zuly types 'ENTER' in locate field to write the mobile Operating System], Zuly last step [Zuly clicks on Locate the button to continue the registration]]
[Test worker] WARN net.thucydides.core.steps.BaseStepListener - stepStarted: net.thucydides.core.steps.ExecutedStepDescription@6068f38d
[Test worker] WARN net.thucydides.core.steps.BaseStepListener - stepFinished: current outcome:Registration on the Utest page:Given than Zuly wants to sign up for Utest [Zuly open up [Zuly opens the Utest academy page]], When she clicks on the join today option
| strfirstname | strlastname | stremailadress | strmonth | strday | stryear | strcity | strzip | strcountry | strcomputer | strversion | strlanguage | strmobile | strmodel | strsystem | strpassword | strlanguageuser |
| Zuly | Mejia | principalzm@outlook.es | November | 8 | 1998 | Villavicencio | 500003 | Colombia | Windows | 10 | Spanish | Huawei | P30 lite | Android 10 | Utest123.. | Spanish | [Zuly join [Zuly clicks on Button to access the record, Zuly enters 'Zuly' into Locate the input to write the name, Zuly enters 'Mejia' into Locate the input to write the last name, Zuly enters 'principalzm@outlook.es' into Locate the input to write the email, Zuly select November on Locate the select to choose the month of birth, Zuly select 8 on Locate the select to choose the day of birth, Zuly select 1998 on Locate the select to choose the year of birth, Zuly enters 'Spanish' into Locate the input to write other language, Zuly types 'ENTER' in Locate the input to write other language], Zuly location [Zuly clicks on Locate the button to continue the registration, Zuly enters 'Villavicencio' into Locate the input to write the city, Zuly enters '500003' into Locate the input to write the zip code, Zuly clicks on locate field to write country, Zuly enters 'Colombia' into locate the input to write country, Zuly types 'ENTER' in locate the input to write country], Zuly devices [Zuly clicks on Locate the button to continue the registration, Zuly clicks on locate field to write computer, Zuly enters 'Windows' into locate field to write computer, Zuly clicks on locate field to write the computer version, Zuly enters '10' into locate field to write the computer version, Zuly clicks on locate field to write the computer language, Zuly enters 'Spanish' into locate field to write the computer language, Zuly types 'ENTER' in locate field to write the computer language, Zuly clicks on locate field to write the mobile, Zuly enters 'Huawei' into locate field to write the mobile, Zuly types 'ENTER' in locate field to write the mobile, Zuly clicks on locate field to write the mobile model, Zuly enters 'P30 lite' into locate field to write the mobile model, Zuly types 'ENTER' in locate field to write the mobile model, Zuly clicks on locate field to write the mobile Operating System, Zuly enters 'Android 10' into locate field to write the mobile Operating System, Zuly types 'ENTER' in locate field to write the mobile Operating System], Zuly last step [Zuly clicks on Locate the button to continue the registration, Zuly enters 'Utest123..' into Locate the input to write the password]]
[Test worker] WARN net.thucydides.core.steps.BaseStepListener - stepStarted: net.thucydides.core.steps.ExecutedStepDescription@50ce6769
[Test worker] WARN net.thucydides.core.steps.BaseStepListener - stepFinished: current outcome:Registration on the Utest page:Given than Zuly wants to sign up for Utest [Zuly open up [Zuly opens the Utest academy page]], When she clicks on the join today option
| strfirstname | strlastname | stremailadress | strmonth | strday | stryear | strcity | strzip | strcountry | strcomputer | strversion | strlanguage | strmobile | strmodel | strsystem | strpassword | strlanguageuser |
| Zuly | Mejia | principalzm@outlook.es | November | 8 | 1998 | Villavicencio | 500003 | Colombia | Windows | 10 | Spanish | Huawei | P30 lite | Android 10 | Utest123.. | Spanish | [Zuly join [Zuly clicks on Button to access the record, Zuly enters 'Zuly' into Locate the input to write the name, Zuly enters 'Mejia' into Locate the input to write the last name, Zuly enters 'principalzm@outlook.es' into Locate the input to write the email, Zuly select November on Locate the select to choose the month of birth, Zuly select 8 on Locate the select to choose the day of birth, Zuly select 1998 on Locate the select to choose the year of birth, Zuly enters 'Spanish' into Locate the input to write other language, Zuly types 'ENTER' in Locate the input to write other language], Zuly location [Zuly clicks on Locate the button to continue the registration, Zuly enters 'Villavicencio' into Locate the input to write the city, Zuly enters '500003' into Locate the input to write the zip code, Zuly clicks on locate field to write country, Zuly enters 'Colombia' into locate the input to write country, Zuly types 'ENTER' in locate the input to write country], Zuly devices [Zuly clicks on Locate the button to continue the registration, Zuly clicks on locate field to write computer, Zuly enters 'Windows' into locate field to write computer, Zuly clicks on locate field to write the computer version, Zuly enters '10' into locate field to write the computer version, Zuly clicks on locate field to write the computer language, Zuly enters 'Spanish' into locate field to write the computer language, Zuly types 'ENTER' in locate field to write the computer language, Zuly clicks on locate field to write the mobile, Zuly enters 'Huawei' into locate field to write the mobile, Zuly types 'ENTER' in locate field to write the mobile, Zuly clicks on locate field to write the mobile model, Zuly enters 'P30 lite' into locate field to write the mobile model, Zuly types 'ENTER' in locate field to write the mobile model, Zuly clicks on locate field to write the mobile Operating System, Zuly enters 'Android 10' into locate field to write the mobile Operating System, Zuly types 'ENTER' in locate field to write the mobile Operating System], Zuly last step [Zuly clicks on Locate the button to continue the registration, Zuly ent
[...]
10 | Utest123.. | Spanish | [Zuly join [Zuly clicks on Button to access the record, Zuly enters 'Zuly' into Locate the input to write the name, Zuly enters 'Mejia' into Locate the input to write the last name, Zuly enters 'principalzm@outlook.es' into Locate the input to write the email, Zuly select November on Locate the select to choose the month of birth, Zuly select 8 on Locate the select to choose the day of birth, Zuly select 1998 on Locate the select to choose the year of birth, Zuly enters 'Spanish' into Locate the input to write other language, Zuly types 'ENTER' in Locate the input to write other language], Zuly location [Zuly clicks on Locate the button to continue the registration, Zuly enters 'Villavicencio' into Locate the input to write the city, Zuly enters '500003' into Locate the input to write the zip code, Zuly clicks on locate field to write country, Zuly enters 'Colombia' into locate the input to write country, Zuly types 'ENTER' in locate the input to write country], Zuly devices [Zuly clicks on Locate the button to continue the registration, Zuly clicks on locate field to write computer, Zuly enters 'Windows' into locate field to write computer, Zuly clicks on locate field to write the computer version, Zuly enters '10' into locate field to write the computer version, Zuly clicks on locate field to write the computer language, Zuly enters 'Spanish' into locate field to write the computer language, Zuly types 'ENTER' in locate field to write the computer language, Zuly clicks on locate field to write the mobile, Zuly enters 'Huawei' into locate field to write the mobile, Zuly types 'ENTER' in locate field to write the mobile, Zuly clicks on locate field to write the mobile model, Zuly enters 'P30 lite' into locate field to write the mobile model, Zuly types 'ENTER' in locate field to write the mobile model, Zuly clicks on locate field to write the mobile Operating System, Zuly enters 'Android 10' into locate field to write the mobile Operating System, Zuly types 'ENTER' in locate field to write the mobile Operating System], Zuly last step [Zuly clicks on Locate the button to continue the registration, Zuly enters 'Utest123..' into Locate the input to write the password, Zuly enters 'Utest123..' into Locate the input to write the password confirmation, Zuly clicks on Locate the checkbox to accept stay informed, Zuly clicks on Locate the checkbox to accept terms of use]]
[Test worker] WARN net.thucydides.core.steps.BaseStepListener - stepStarted: net.thucydides.core.steps.ExecutedStepDescription@64eeac2b
[Test worker] WARN net.thucydides.core.steps.BaseStepListener - stepFinished: current outcome:Registration on the Utest page:Given than Zuly wants to sign up for Utest [Zuly open up [Zuly opens the Utest academy page]], When she clicks on the join today option
| strfirstname | strlastname | stremailadress | strmonth | strday | stryear | strcity | strzip | strcountry | strcomputer | strversion | strlanguage | strmobile | strmodel | strsystem | strpassword | strlanguageuser |
| Zuly | Mejia | principalzm@outlook.es | November | 8 | 1998 | Villavicencio | 500003 | Colombia | Windows | 10 | Spanish | Huawei | P30 lite | Android 10 | Utest123.. | Spanish | [Zuly join [Zuly clicks on Button to access the record, Zuly enters 'Zuly' into Locate the input to write the name, Zuly enters 'Mejia' into Locate the input to write the last name, Zuly enters 'principalzm@outlook.es' into Locate the input to write the email, Zuly select November on Locate the select to choose the month of birth, Zuly select 8 on Locate the select to choose the day of birth, Zuly select 1998 on Locate the select to choose the year of birth, Zuly enters 'Spanish' into Locate the input to write other language, Zuly types 'ENTER' in Locate the input to write other language], Zuly location [Zuly clicks on Locate the button to continue the registration, Zuly enters 'Villavicencio' into Locate the input to write the city, Zuly enters '500003' into Locate the input to write the zip code, Zuly clicks on locate field to write country, Zuly enters 'Colombia' into locate the input to write country, Zuly types 'ENTER' in locate the input to write country], Zuly devices [Zuly clicks on Locate the button to continue the registration, Zuly clicks on locate field to write computer, Zuly enters 'Windows' into locate field to write computer, Zuly clicks on locate field to write the computer version, Zuly enters '10' into locate field to write the computer version, Zuly clicks on locate field to write the computer language, Zuly enters 'Spanish' into locate field to write the computer language, Zuly types 'ENTER' in locate field to write the computer language, Zuly clicks on locate field to write the mobile, Zuly enters 'Huawei' into locate field to write the mobile, Zuly types 'ENTER' in locate field to write the mobile, Zuly clicks on locate field to write the mobile model, Zuly enters 'P30 lite' into locate field to write the mobile model, Zuly types 'ENTER' in locate field to write the mobile model, Zuly clicks on locate field to write the mobile Operating System, Zuly enters 'Android 10' into locate field to write the mobile Operating System, Zuly types 'ENTER' in locate field to write the mobile Operating System], Zuly last step [Zuly clicks on Locate the button to continue the registration, Zuly enters 'Utest123..' into Locate the input to write the password, Zuly enters 'Utest123..' into Locate the input to write the password confirmation, Zuly clicks on Locate the checkbox to accept stay informed, Zuly clicks on Locate the checkbox to accept terms of use, Zuly clicks on Locate the checkbox to accept the security and privacy policies]]
[Test worker] WARN net.thucydides.core.steps.BaseStepListener - stepStarted: net.thucydides.core.steps.ExecutedStepDescription@9a6fe08
[Test worker] WARN net.thucydides.core.steps.BaseStepListener - stepFinished: current outcome:Registration on the Utest page:Given than Zuly wants to sign up for Utest [Zuly open up [Zuly opens the Utest academy page]], When she clicks on the join today option
| strfirstname | strlastname | stremailadress | strmonth | strday | stryear | strcity | strzip | strcountry | strcomputer | strversion | strlanguage | strmobile | strmodel | strsystem | strpassword | strlanguageuser |
| Zuly | Mejia | principalzm@outlook.es | November | 8 | 1998 | Villavicencio | 500003 | Colombia | Windows | 10 | Spanish | Huawei | P30 lite | Android 10 | Utest123.. | Spanish | [Zuly join [Zuly clicks on Button to access the record, Zuly enters 'Zuly' into Locate the input to write the name, Zuly enters 'Mejia' into Locate the input to write the last name, Zuly enters 'principalzm@outlook.es' into Locate the input to write the email, Zuly select November on Locate the select to choose the month of birth, Zuly select 8 on Locate the select to choose the day of birth, Zuly select 1998 on Locate the select to choose the year of birth, Zuly enters 'Spanish' into Locate the input to write other language, Zuly types 'ENTER' in Locate the input to write other language], Zuly location [Zuly clicks on Locate the button to continue the registration, Zuly enters 'Villavicencio' into Locate the input to write the city, Zuly enters '500003' into Locate the input to write the zip code, Zuly clicks on locate field to write country, Zuly enters 'Colombia' into locate the input to write country, Zuly types 'ENTER' in locate the input to write country], Zuly devices [Zuly clicks on Locate the button to continue the registration, Zuly clicks on locate field to write computer, Zuly enters 'Windows' into locate field to write computer, Zuly clicks on locate field to write the computer version, Zuly enters '10' into locate field to write the computer version, Zuly clicks on locate field to write the computer language, Zuly enters 'Spanish' into locate field to write the computer language, Zuly types 'ENTER' in locate field to write the computer language, Zuly clicks on locate field to write the mobile, Zuly enters 'Huawei' into locate field to write the mobile, Zuly types 'ENTER' in locate field to write the mobile, Zuly clicks on locate field to write the mobile model, Zuly enters 'P30 lite' into locate field to write the mobile model, Zuly types 'ENTER' in locate field to write the mobile model, Zuly clicks on locate field to write the mobile Operating System, Zuly enters 'Android 10' into locate field to write the mobile Operating System, Zuly types 'ENTER' in locate field to write the mobile Operating System], Zuly last step [Zuly clicks on Locate the button to continue the registration, Zuly enters 'Utest123..' into Locate the input to write the password, Zuly enters 'Utest123..' into Locate the input to write the password confirmation, Zuly clicks on Locate the checkbox to accept stay informed, Zuly clicks on Locate the checkbox to accept terms of use, Zuly clicks on Locate the checkbox to accept the security and privacy policies, Zuly clicks on Locate the button to finish the registration]]
[Test worker] WARN net.thucydides.core.steps.BaseStepListener - stepStarted: net.thucydides.core.steps.ExecutedStepDescription@187f65f4
[Test worker] WARN net.thucydides.core.steps.BaseStepListener - testFinished: Registration on the Utest page:Given than Zuly wants to sign up for Utest [Zuly open up [Zuly opens the Utest academy page]], When she clicks on the join today option
| strfirstname | strlastname | stremailadress | strmonth | strday | stryear | strcity | strzip | strcountry | strcomputer | strversion | strlanguage | strmobile | strmodel | strsystem | strpassword | strlanguageuser |
| Zuly | Mejia | principalzm@outlook.es | November | 8 | 1998 | Villavicencio | 500003 | Colombia | Windows | 10 | Spanish | Huawei | P30 lite | Android 10 | Utest123.. | Spanish | [Zuly join [Zuly clicks on Button to access the record, Zuly enters 'Zuly' into Locate the input to write the name, Zuly enters 'Mejia' into Locate the input to write the last name, Zuly enters 'principalzm@outlook.es' into Locate the input to write the email, Zuly select November on Locate the select to choose the month of birth, Zuly select 8 on Locate the select to choose the day of birth, Zuly select 1998 on Locate the select to choose the year of birth, Zuly enters 'Spanish' into Locate the input to write other language, Zuly types 'ENTER' in Locate the input to write other language], Zuly location [Zuly clicks on Locate the button to continue the registration, Zuly enters 'Villavicencio' into Locate the input to write the city, Zuly enters '500003' into Locate the input to write the zip code, Zuly clicks on locate field to write country, Zuly enters 'Colombia' into locate the input to write country, Zuly types 'ENTER' in locate the input to write country], Zuly devices [Zuly clicks on Locate the button to continue the registration, Zuly clicks on locate field to write computer, Zuly enters 'Windows' into locate field to write computer, Zuly clicks on locate field to write the computer version, Zuly enters '10' into locate field to write the computer version, Zuly clicks on locate field to write the computer language, Zuly enters 'Spanish' into locate field to write the computer language, Zuly types 'ENTER' in locate field to write the computer language, Zuly clicks on locate field to write the mobile, Zuly enters 'Huawei' into locate field to write the mobile, Zuly types 'ENTER' in locate field to write the mobile, Zuly clicks on locate field to write the mobile model, Zuly enters 'P30 lite' into locate field to write the mobile model, Zuly types 'ENTER' in locate field to write the mobile model, Zuly clicks on locate field to write the mobile Operating System, Zuly enters 'Android 10' into locate field to write the mobile Operating System, Zuly types 'ENTER' in locate field to write the mobile Operating System], Zuly last step [Zuly clicks on Locate the button to continue the registration, Zuly enters 'Utest123..' into Locate the input to write the password, Zuly enters 'Utest123..' into Locate the input to write the password confirmation, Zuly clicks on Locate the checkbox to accept stay informed, Zuly clicks on Locate the checkbox to accept terms of use, Zuly clicks on Locate the checkbox to accept the security and privacy policies, Zuly clicks on Locate the button to finish the registration]], Then she must fill out the form
| strquestion |
| Welcome to the community! |
[Test worker] WARN net.thucydides.core.steps.BaseStepListener - TestOutcomes: [Registration on the Utest page:Given than Zuly wants to sign up for Utest [Zuly open up [Zuly opens the Utest academy page]], When she clicks on the join today option
| strfirstname | strlastname | stremailadress | strmonth | strday | stryear | strcity | strzip | strcountry | strcomputer | strversion | strlanguage | strmobile | strmodel | strsystem | strpassword | strlanguageuser |
| Zuly | Mejia | principalzm@outlook.es | November | 8 | 1998 | Villavicencio | 500003 | Colombia | Windows | 10 | Spanish | Huawei | P30 lite | Android 10 | Utest123.. | Spanish | [Zuly join [Zuly clicks on Button to access the record, Zuly enters 'Zuly' into Locate the input to write the name, Zuly enters 'Mejia' into Locate the input to write the last name, Zuly enters 'principalzm@outlook.es' into Locate the input to write the email, Zuly select November on Locate the select to choose the month of birth, Zuly select 8 on Locate the select to choose the day of birth, Zuly select 1998 on Locate the select to choose the year of birth, Zuly enters 'Spanish' into Locate the input to write other language, Zuly types 'ENTER' in Locate the input to write other language], Zuly location [Zuly clicks on Locate the button to continue the registration, Zuly enters 'Villavicencio' into Locate the input to write the city, Zuly enters '500003' into Locate the input to write the zip code, Zuly clicks on locate field to write country, Zuly enters 'Colombia' into locate the input to write country, Zuly types 'ENTER' in locate the input to write country], Zuly devices [Zuly clicks on Locate the button to continue the registration, Zuly clicks on locate field to write computer, Zuly enters 'Windows' into locate field to write computer, Zuly clicks on locate field to write the computer version, Zuly enters '10' into locate field to write the computer version, Zuly clicks on locate field to write the computer language, Zuly enters 'Spanish' into locate field to write the computer language, Zuly types 'ENTER' in locate field to write the computer language, Zuly clicks on locate field to write the mobile, Zuly enters 'Huawei' into locate field to write the mobile, Zuly types 'ENTER' in locate field to write the mobile, Zuly clicks on locate field to write the mobile model, Zuly enters 'P30 lite' into locate field to write the mobile model, Zuly types 'ENTER' in locate field to write the mobile model, Zuly clicks on locate field to write the mobile Operating System, Zuly enters 'Android 10' into locate field to write the mobile Operating System, Zuly types 'ENTER' in locate field to write the mobile Operating System], Zuly last step [Zuly clicks on Locate the button to continue the registration, Zuly enters 'Utest123..' into Locate the input to write the password, Zuly enters 'Utest123..' into Locate the input to write the password confirmation, Zuly clicks on Locate the checkbox to accept stay informed, Zuly clicks on Locate the checkbox to accept terms of use, Zuly clicks on Locate the checkbox to accept the security and privacy policies, Zuly clicks on Locate the button to finish the registration]], Then she must fill out the form
| strquestion |
| Welcome to the community! |]
[Test worker] WARN net.thucydides.core.steps.BaseStepListener - Final testOutcomes: [Registration on the Utest page:Given than Zuly wants to sign up for Utest [Zuly open up [Zuly opens the Utest academy page]], When she clicks on the join today option
| strfirstname | strlastname | stremailadress | strmonth | strday | stryear | strcity | strzip | strcountry | strcomputer | strversion | strlanguage | strmobile | strmodel | strsystem | strpassword | strlanguageuser |
| Zuly | Mejia | principalzm@outlook.es | November | 8 | 1998 | Villavicencio | 500003 | Colombia | Windows | 10 | Spanish | Huawei | P30 lite | Android 10 | Utest123.. | Spanish | [Zuly join [Zuly clicks on Button to access the record, Zuly enters 'Zuly' into Locate the input to write the name, Zuly enters 'Mejia' into Locate the input to write the last name, Zuly enters 'principalzm@outlook.es' into Locate the input to write the email, Zuly select November on Locate the select to choose the month of birth, Zuly select 8 on Locate the select to choose the day of birth, Zuly select 1998 on Locate the select to choose the year of birth, Zuly enters 'Spanish' into Locate the input to write other language, Zuly types 'ENTER' in Locate the input to write other language], Zuly location [Zuly clicks on Locate the button to continue the registration, Zuly enters 'Villavicencio' into Locate the input to write the city, Zuly enters '500003' into Locate the input to write the zip code, Zuly clicks on locate field to write country, Zuly enters 'Colombia' into locate the input to write country, Zuly types 'ENTER' in locate the input to write country], Zuly devices [Zuly clicks on Locate the button to continue the registration, Zuly clicks on locate field to write computer, Zuly enters 'Windows' into locate field to write computer, Zuly clicks on locate field to write the computer version, Zuly enters '10' into locate field to write the computer version, Zuly clicks on locate field to write the computer language, Zuly enters 'Spanish' into locate field to write the computer language, Zuly types 'ENTER' in locate field to write the computer language, Zuly clicks on locate field to write the mobile, Zuly enters 'Huawei' into locate field to write the mobile, Zuly types 'ENTER' in locate field to write the mobile, Zuly clicks on locate field to write the mobile model, Zuly enters 'P30 lite' into locate field to write the mobile model, Zuly types 'ENTER' in locate field to write the mobile model, Zuly clicks on locate field to write the mobile Operating System, Zuly enters 'Android 10' into locate field to write the mobile Operating System, Zuly types 'ENTER' in locate field to write the mobile Operating System], Zuly last step [Zuly clicks on Locate the button to continue the registration, Zuly enters 'Utest123..' into Locate the input to write the password, Zuly enters 'Utest123..' into Locate the input to write the password confirmation, Zuly clicks on Locate the checkbox to accept stay informed, Zuly clicks on Locate the checkbox to accept terms of use, Zuly clicks on Locate the checkbox to accept the security and privacy policies, Zuly clicks on Locate the button to finish the registration]], Then she must fill out the form
| strquestion |
| Welcome to the community! |]
[Test worker] ERROR net.thucydides.core.steps.ConsoleLoggingListener - 
           __  _____ _____ ____ _____   _____ _    ___ _     _____ ____  
  _       / / |_   _| ____/ ___|_   _| |  ___/ \  |_ _| |   | ____|  _ \ 
 (_)_____| |    | | |  _| \___ \ | |   | |_ / _ \  | || |   |  _| | | | |
  _|_____| |    | | | |___ ___) || |   |  _/ ___ \ | || |___| |___| |_| |
 (_)     | |    |_| |_____|____/ |_|   |_|/_/   \_\___|_____|_____|____/ 
          \_\                                                            

TEST FAILED: Registration on the Utest page
--------------------------------------------------------------------------
[Test worker] ERROR net.thucydides.core.steps.ConsoleLoggingListener - TEST FAILED AT STEP Zuly last step
[Test worker] ERROR net.thucydides.core.steps.ConsoleLoggingListener - Expected: an element that is visible but: no matching element found by xpath: //*[@id=''laddaBtn']/span[1]
]]></system-err>
</testsuite>
