<?xml version="1.0" encoding="UTF-8"?><testsuite errors="1" failures="0" name="Utest Academy" skipped="0" tests="1" time="23.45" timestamp="2021-10-25 01:56:54"><testcase name="search for a basic testing course Performance Testing, Part 1"><error message="Arity mismatch: Step Definition 'co.com.choucair.certification.pruebatecnica.stepdefinitions.ChoucairAcademyStepDefinitions.sheSearchForTheCourseIntegrationTestingTipsOnTheUtestAcademyPlatform(String) in file:/C:/Users/mydre/Documents/Utest/build/classes/java/test/' with pattern [^she search for the course Integration Testing Tips on the utest academy platform$] is declared with 1 parameters. However, the gherkin step has 0 arguments []. &#10;Step text: she search for the course Integration Testing Tips on the utest academy platform" type="cucumber.runtime.CucumberException">Arity mismatch: Step Definition 'co.com.choucair.certification.pruebatecnica.stepdefinitions.ChoucairAcademyStepDefinitions.sheSearchForTheCourseIntegrationTestingTipsOnTheUtestAcademyPlatform(String) in file:/C:/Users/mydre/Documents/Utest/build/classes/java/test/' with pattern [^she search for the course Integration Testing Tips on the utest academy platform$] is declared with 1 parameters. However, the gherkin step has 0 arguments []. 
Step text: she search for the course Integration Testing Tips on the utest academy platform</error><system-err>Arity mismatch: Step Definition 'co.com.choucair.certification.pruebatecnica.stepdefinitions.ChoucairAcademyStepDefinitions.sheSearchForTheCourseIntegrationTestingTipsOnTheUtestAcademyPlatform(String) in file:/C:/Users/mydre/Documents/Utest/build/classes/java/test/' with pattern [^she search for the course Integration Testing Tips on the utest academy platform$] is declared with 1 parameters. However, the gherkin step has 0 arguments []. 
Step text: she search for the course Integration Testing Tips on the utest academy platform&#13;
cucumber.runner.Runner.runPickle(Runner.java:80)&#13;
</system-err></testcase></testsuite>