<?xml version="1.0" encoding="UTF-8"?><testsuite errors="0" failures="1" name="Utest Academy" skipped="0" tests="1" time="96.58" timestamp="2021-10-25 10:38:21"><testcase name="Registration on the Utest page"><failure message="&#10;Expected: an element that is visible&#10;     but: no matching element found by xpath: //*[@id=''laddaBtn']/span[1]" type="java.lang.AssertionError">
Expected: an element that is visible
     but: no matching element found by xpath: //*[@id=''laddaBtn']/span[1]</failure><system-err>
Expected: an element that is visible
     but: no matching element found by xpath: //*[@id=''laddaBtn']/span[1]&#13;
co.com.choucair.certification.pruebatecnica.tasks.LastStep.performAs(LastStep.java:26)&#13;
co.com.choucair.certification.pruebatecnica.stepdefinitions.ChoucairAcademyStepDefinitions.sheClicksOnTheJoinTodayOption(ChoucairAcademyStepDefinitions.java:30)&#13;
cucumber.runner.Runner.runPickle(Runner.java:80)&#13;
</system-err></testcase></testsuite>